11/01/2021 23:34 [DEBUG]
Загрузка файла users.bin с жесткого диска.
__________________________________________________________________ 
11/01/2021 23:37 [DEBUG]
Сохранение данных на жесткий диск в файл users.bin
__________________________________________________________________ 
11/01/2021 23:38 [DEBUG]
Сохранение данных на жесткий диск в файл users.bin
__________________________________________________________________ 
11/01/2021 23:38 [DEBUG]
Сохранение данных на жесткий диск в файл users.bin
__________________________________________________________________ 
12/01/2021 09:15 [DEBUG]
Загрузка файла users.bin с жесткого диска.
__________________________________________________________________ 
12/01/2021 09:16 [DEBUG]
Загрузка файла users.bin с жесткого диска.
__________________________________________________________________ 
12/01/2021 09:25 [DEBUG]
Загрузка файла users.bin с жесткого диска.
__________________________________________________________________ 
12/01/2021 09:25 [DEBUG]
Завершение рабочей сессии(User's logout).
__________________________________________________________________ 
12/01/2021 09:25 [DEBUG]
Загрузка файла users.bin с жесткого диска.
__________________________________________________________________ 
12/01/2021 09:32 [DEBUG]
Загрузка файла users.bin с жесткого диска.
__________________________________________________________________ 
12/01/2021 09:33 [DEBUG]
Завершение рабочей сессии(User's logout).
__________________________________________________________________ 
12/01/2021 09:40 [DEBUG]
Загрузка файла users.bin с жесткого диска.
__________________________________________________________________ 
12/01/2021 09:42 [DEBUG]
Загрузка файла users.bin с жесткого диска.
__________________________________________________________________ 
12/01/2021 09:43 [DEBUG]
Завершение рабочей сессии(User's logout).
__________________________________________________________________ 
12/01/2021 09:43 [DEBUG]
Сохранение данных на жесткий диск в файл users.bin
__________________________________________________________________ 
12/01/2021 09:43 [DEBUG]
Регистрация нового пользователя прошла успешно.
__________________________________________________________________ 
12/01/2021 09:44 [DEBUG]
Завершение рабочей сессии(User's logout).
__________________________________________________________________ 
12/01/2021 09:44 [DEBUG]
Завершение работы приложения.
__________________________________________________________________ 
12/01/2021 09:44 [DEBUG]
Загрузка файла users.bin с жесткого диска.
__________________________________________________________________ 
12/01/2021 09:50 [DEBUG]
Загрузка файла users.bin с жесткого диска.
__________________________________________________________________ 
12/01/2021 09:50 [DEBUG]
Загрузка файла flights.bin с жесткого диска.
__________________________________________________________________ 
12/01/2021 09:51 [DEBUG]
Загрузка файла users.bin с жесткого диска.
__________________________________________________________________ 
12/01/2021 10:00 [DEBUG]
Загрузка файла users.bin с жесткого диска.
__________________________________________________________________ 
12/01/2021 10:01 [DEBUG]
Сохранение данных на жесткий диск в файл flights.bin
__________________________________________________________________ 
12/01/2021 10:46 [DEBUG]
Загрузка файла users.bin с жесткого диска.
__________________________________________________________________ 
12/01/2021 10:46 [DEBUG]
Загрузка файла flights.bin с жесткого диска.
__________________________________________________________________ 
12/01/2021 10:46 [DEBUG]
Загрузка файла flights.bin с жесткого диска.
__________________________________________________________________ 
12/01/2021 10:47 [DEBUG]
Загрузка файла flights.bin с жесткого диска.
__________________________________________________________________ 
12/01/2021 10:51 [DEBUG]
Загрузка файла users.bin с жесткого диска.
__________________________________________________________________ 
12/01/2021 10:51 [DEBUG]
Загрузка файла flights.bin с жесткого диска.
__________________________________________________________________ 
12/01/2021 14:39 [DEBUG]
Загрузка файла users.bin с жесткого диска.
__________________________________________________________________ 
12/01/2021 14:39 [DEBUG]
Загрузка файла flights.bin с жесткого диска.
__________________________________________________________________ 
12/01/2021 14:39 [DEBUG]
Сохранение данных на жесткий диск в файл flights.bin
__________________________________________________________________ 
12/01/2021 17:25 [DEBUG]
Загрузка файла users.bin с жесткого диска.
__________________________________________________________________ 
12/01/2021 17:25 [DEBUG]
Загрузка файла flights.bin с жесткого диска.
__________________________________________________________________ 
12/01/2021 17:25 [DEBUG]
Сохранение данных на жесткий диск в файл flights.bin
__________________________________________________________________ 
12/01/2021 17:29 [DEBUG]
Загрузка файла users.bin с жесткого диска.
__________________________________________________________________ 
12/01/2021 17:29 [DEBUG]
Загрузка файла flights.bin с жесткого диска.
__________________________________________________________________ 
12/01/2021 17:32 [DEBUG]
Загрузка файла users.bin с жесткого диска.
__________________________________________________________________ 
12/01/2021 17:32 [DEBUG]
Загрузка файла flights.bin с жесткого диска.
__________________________________________________________________ 
12/01/2021 17:35 [DEBUG]
Загрузка файла users.bin с жесткого диска.
__________________________________________________________________ 
12/01/2021 17:35 [DEBUG]
Загрузка файла flights.bin с жесткого диска.
__________________________________________________________________ 
12/01/2021 17:45 [DEBUG]
Загрузка файла users.bin с жесткого диска.
__________________________________________________________________ 
12/01/2021 17:46 [DEBUG]
Загрузка файла flights.bin с жесткого диска.
__________________________________________________________________ 
12/01/2021 17:46 [DEBUG]
Сохранение данных на жесткий диск в файл flights.bin
__________________________________________________________________ 
12/01/2021 17:46 [DEBUG]
Сохранение данных на жесткий диск в файл flights.bin
__________________________________________________________________ 
12/01/2021 17:47 [DEBUG]
Загрузка файла users.bin с жесткого диска.
__________________________________________________________________ 
12/01/2021 17:47 [DEBUG]
Загрузка файла flights.bin с жесткого диска.
__________________________________________________________________ 
12/01/2021 17:47 [DEBUG]
Сохранение данных на жесткий диск в файл flights.bin
__________________________________________________________________ 
12/01/2021 17:48 [DEBUG]
Загрузка файла users.bin с жесткого диска.
__________________________________________________________________ 
12/01/2021 17:49 [DEBUG]
Загрузка файла flights.bin с жесткого диска.
__________________________________________________________________ 
12/01/2021 17:49 [DEBUG]
Сохранение данных на жесткий диск в файл flights.bin
__________________________________________________________________ 
12/01/2021 17:52 [DEBUG]
Загрузка файла users.bin с жесткого диска.
__________________________________________________________________ 
12/01/2021 17:52 [DEBUG]
Загрузка файла flights.bin с жесткого диска.
__________________________________________________________________ 
12/01/2021 17:53 [DEBUG]
Сохранение данных на жесткий диск в файл flights.bin
__________________________________________________________________ 
12/01/2021 17:56 [DEBUG]
Загрузка файла users.bin с жесткого диска.
__________________________________________________________________ 
12/01/2021 17:57 [DEBUG]
Загрузка файла flights.bin с жесткого диска.
__________________________________________________________________ 
12/01/2021 17:57 [DEBUG]
Загрузка файла users.bin с жесткого диска.
__________________________________________________________________ 
12/01/2021 17:57 [DEBUG]
Загрузка файла flights.bin с жесткого диска.
__________________________________________________________________ 
12/01/2021 17:59 [DEBUG]
Загрузка файла users.bin с жесткого диска.
__________________________________________________________________ 
12/01/2021 17:59 [DEBUG]
Загрузка файла flights.bin с жесткого диска.
__________________________________________________________________ 
12/01/2021 18:02 [DEBUG]
Загрузка файла users.bin с жесткого диска.
__________________________________________________________________ 
12/01/2021 18:02 [DEBUG]
Загрузка файла flights.bin с жесткого диска.
__________________________________________________________________ 
12/01/2021 18:02 [DEBUG]
Сохранение данных на жесткий диск в файл flights.bin
__________________________________________________________________ 
12/01/2021 18:03 [DEBUG]
Сохранение данных на жесткий диск в файл flights.bin
__________________________________________________________________ 
12/01/2021 18:03 [DEBUG]
Загрузка файла users.bin с жесткого диска.
__________________________________________________________________ 
12/01/2021 18:03 [DEBUG]
Загрузка файла flights.bin с жесткого диска.
__________________________________________________________________ 
12/01/2021 18:04 [DEBUG]
Сохранение данных на жесткий диск в файл flights.bin
__________________________________________________________________ 
12/01/2021 18:04 [DEBUG]
Загрузка файла users.bin с жесткого диска.
__________________________________________________________________ 
12/01/2021 18:04 [DEBUG]
Загрузка файла flights.bin с жесткого диска.
__________________________________________________________________ 
12/01/2021 18:06 [DEBUG]
Загрузка файла users.bin с жесткого диска.
__________________________________________________________________ 
12/01/2021 18:06 [DEBUG]
Загрузка файла flights.bin с жесткого диска.
__________________________________________________________________ 
12/01/2021 18:07 [DEBUG]
Загрузка файла users.bin с жесткого диска.
__________________________________________________________________ 
12/01/2021 18:07 [DEBUG]
Загрузка файла flights.bin с жесткого диска.
__________________________________________________________________ 
12/01/2021 18:15 [DEBUG]
Загрузка файла users.bin с жесткого диска.
__________________________________________________________________ 
12/01/2021 18:15 [DEBUG]
Загрузка файла flights.bin с жесткого диска.
__________________________________________________________________ 
12/01/2021 18:25 [DEBUG]
Загрузка файла users.bin с жесткого диска.
__________________________________________________________________ 
12/01/2021 18:25 [DEBUG]
Загрузка файла flights.bin с жесткого диска.
__________________________________________________________________ 
12/01/2021 18:26 [DEBUG]
Загрузка файла users.bin с жесткого диска.
__________________________________________________________________ 
12/01/2021 18:27 [DEBUG]
Загрузка файла flights.bin с жесткого диска.
__________________________________________________________________ 
12/01/2021 18:27 [DEBUG]
Сохранение данных на жесткий диск в файл flights.bin
__________________________________________________________________ 
12/01/2021 18:27 [DEBUG]
Завершение работы приложения.
__________________________________________________________________ 
12/01/2021 18:27 [DEBUG]
Загрузка файла users.bin с жесткого диска.
__________________________________________________________________ 
12/01/2021 18:27 [DEBUG]
Загрузка файла flights.bin с жесткого диска.
__________________________________________________________________ 
12/01/2021 18:28 [DEBUG]
Загрузка файла users.bin с жесткого диска.
__________________________________________________________________ 
12/01/2021 18:28 [DEBUG]
Загрузка файла flights.bin с жесткого диска.
__________________________________________________________________ 
12/01/2021 18:29 [DEBUG]
Загрузка файла users.bin с жесткого диска.
__________________________________________________________________ 
12/01/2021 18:29 [DEBUG]
Загрузка файла flights.bin с жесткого диска.
__________________________________________________________________ 
12/01/2021 18:30 [DEBUG]
Загрузка файла users.bin с жесткого диска.
__________________________________________________________________ 
12/01/2021 18:30 [DEBUG]
Загрузка файла flights.bin с жесткого диска.
__________________________________________________________________ 
12/01/2021 18:31 [DEBUG]
Загрузка файла users.bin с жесткого диска.
__________________________________________________________________ 
12/01/2021 18:31 [DEBUG]
Загрузка файла flights.bin с жесткого диска.
__________________________________________________________________ 
12/01/2021 18:31 [DEBUG]
Сохранение данных на жесткий диск в файл flights.bin
__________________________________________________________________ 
12/01/2021 18:31 [DEBUG]
Завершение работы приложения.
__________________________________________________________________ 
12/01/2021 18:31 [DEBUG]
Загрузка файла users.bin с жесткого диска.
__________________________________________________________________ 
12/01/2021 18:31 [DEBUG]
Загрузка файла flights.bin с жесткого диска.
__________________________________________________________________ 
12/01/2021 18:38 [DEBUG]
Загрузка файла users.bin с жесткого диска.
__________________________________________________________________ 
12/01/2021 18:38 [DEBUG]
Загрузка файла flights.bin с жесткого диска.
__________________________________________________________________ 
12/01/2021 18:39 [DEBUG]
Загрузка файла users.bin с жесткого диска.
__________________________________________________________________ 
12/01/2021 18:39 [DEBUG]
Загрузка файла flights.bin с жесткого диска.
__________________________________________________________________ 
12/01/2021 18:40 [DEBUG]
Сохранение данных на жесткий диск в файл flights.bin
__________________________________________________________________ 
12/01/2021 18:40 [DEBUG]
Завершение работы приложения.
__________________________________________________________________ 
12/01/2021 18:40 [DEBUG]
Загрузка файла users.bin с жесткого диска.
__________________________________________________________________ 
12/01/2021 18:41 [DEBUG]
Загрузка файла users.bin с жесткого диска.
__________________________________________________________________ 
12/01/2021 18:41 [DEBUG]
Загрузка файла flights.bin с жесткого диска.
__________________________________________________________________ 
12/01/2021 18:42 [DEBUG]
Загрузка файла users.bin с жесткого диска.
__________________________________________________________________ 
12/01/2021 18:42 [DEBUG]
Загрузка файла flights.bin с жесткого диска.
__________________________________________________________________ 
12/01/2021 18:42 [DEBUG]
Загрузка файла users.bin с жесткого диска.
__________________________________________________________________ 
12/01/2021 18:42 [DEBUG]
Загрузка файла flights.bin с жесткого диска.
__________________________________________________________________ 
12/01/2021 18:44 [DEBUG]
Загрузка файла users.bin с жесткого диска.
__________________________________________________________________ 
12/01/2021 18:44 [DEBUG]
Загрузка файла flights.bin с жесткого диска.
__________________________________________________________________ 
12/01/2021 18:49 [DEBUG]
Загрузка файла users.bin с жесткого диска.
__________________________________________________________________ 
12/01/2021 18:49 [DEBUG]
Загрузка файла flights.bin с жесткого диска.
__________________________________________________________________ 
12/01/2021 18:54 [DEBUG]
Загрузка файла users.bin с жесткого диска.
__________________________________________________________________ 
12/01/2021 18:54 [DEBUG]
Загрузка файла flights.bin с жесткого диска.
__________________________________________________________________ 
12/01/2021 18:54 [DEBUG]
Сохранение данных на жесткий диск в файл flights.bin
__________________________________________________________________ 
12/01/2021 18:55 [DEBUG]
Завершение работы приложения.
__________________________________________________________________ 
12/01/2021 18:55 [DEBUG]
Загрузка файла users.bin с жесткого диска.
__________________________________________________________________ 
12/01/2021 18:55 [DEBUG]
Загрузка файла flights.bin с жесткого диска.
__________________________________________________________________ 
12/01/2021 21:09 [DEBUG]
Загрузка файла users.bin с жесткого диска.
__________________________________________________________________ 
12/01/2021 21:10 [DEBUG]
Загрузка файла flights.bin с жесткого диска.
__________________________________________________________________ 
12/01/2021 21:17 [DEBUG]
Загрузка файла users.bin с жесткого диска.
__________________________________________________________________ 
12/01/2021 21:17 [DEBUG]
Загрузка файла flights.bin с жесткого диска.
__________________________________________________________________ 
12/01/2021 21:37 [DEBUG]
Загрузка файла users.bin с жесткого диска.
__________________________________________________________________ 
12/01/2021 21:37 [DEBUG]
Загрузка файла flights.bin с жесткого диска.
__________________________________________________________________ 
12/01/2021 21:39 [DEBUG]
Загрузка файла users.bin с жесткого диска.
__________________________________________________________________ 
12/01/2021 21:39 [DEBUG]
Загрузка файла flights.bin с жесткого диска.
__________________________________________________________________ 
13/01/2021 09:30 [DEBUG]
Загрузка файла users.bin с жесткого диска.
__________________________________________________________________ 
13/01/2021 09:31 [DEBUG]
Загрузка файла users.bin с жесткого диска.
__________________________________________________________________ 
13/01/2021 09:35 [DEBUG]
Сохранение данных на жесткий диск в файл users.bin
__________________________________________________________________ 
13/01/2021 09:35 [DEBUG]
Регистрация нового пользователя прошла успешно.
__________________________________________________________________ 
13/01/2021 09:36 [DEBUG]
Загрузка файла flights.bin с жесткого диска.
__________________________________________________________________ 
13/01/2021 09:36 [DEBUG]
Завершение рабочей сессии(User's logout).
__________________________________________________________________ 
13/01/2021 09:36 [DEBUG]
Завершение работы приложения.
__________________________________________________________________ 
13/01/2021 09:37 [DEBUG]
Загрузка файла users.bin с жесткого диска.
__________________________________________________________________ 
13/01/2021 09:37 [DEBUG]
Загрузка файла flights.bin с жесткого диска.
__________________________________________________________________ 
13/01/2021 09:37 [DEBUG]
Завершение рабочей сессии(User's logout).
__________________________________________________________________ 
13/01/2021 09:41 [DEBUG]
Загрузка файла users.bin с жесткого диска.
__________________________________________________________________ 
13/01/2021 11:08 [DEBUG]
Загрузка файла users.bin с жесткого диска.
__________________________________________________________________ 
13/01/2021 11:08 [DEBUG]
Загрузка файла flights.bin с жесткого диска.
__________________________________________________________________ 
13/01/2021 11:15 [DEBUG]
Загрузка файла users.bin с жесткого диска.
__________________________________________________________________ 
13/01/2021 11:15 [DEBUG]
Загрузка файла flights.bin с жесткого диска.
__________________________________________________________________ 
13/01/2021 11:20 [DEBUG]
Загрузка файла users.bin с жесткого диска.
__________________________________________________________________ 
13/01/2021 11:20 [DEBUG]
Загрузка файла flights.bin с жесткого диска.
__________________________________________________________________ 
13/01/2021 11:22 [DEBUG]
Загрузка файла users.bin с жесткого диска.
__________________________________________________________________ 
13/01/2021 11:22 [DEBUG]
Загрузка файла flights.bin с жесткого диска.
__________________________________________________________________ 
13/01/2021 11:23 [DEBUG]
Загрузка файла users.bin с жесткого диска.
__________________________________________________________________ 
13/01/2021 11:23 [DEBUG]
Загрузка файла flights.bin с жесткого диска.
__________________________________________________________________ 
13/01/2021 11:26 [DEBUG]
Загрузка файла users.bin с жесткого диска.
__________________________________________________________________ 
13/01/2021 11:26 [DEBUG]
Загрузка файла flights.bin с жесткого диска.
__________________________________________________________________ 
13/01/2021 11:39 [DEBUG]
Загрузка файла users.bin с жесткого диска.
__________________________________________________________________ 
13/01/2021 11:39 [DEBUG]
Загрузка файла flights.bin с жесткого диска.
__________________________________________________________________ 
13/01/2021 11:42 [DEBUG]
Загрузка файла users.bin с жесткого диска.
__________________________________________________________________ 
13/01/2021 11:42 [DEBUG]
Загрузка файла flights.bin с жесткого диска.
__________________________________________________________________ 
13/01/2021 12:08 [DEBUG]
Загрузка файла users.bin с жесткого диска.
__________________________________________________________________ 
13/01/2021 12:08 [DEBUG]
Загрузка файла flights.bin с жесткого диска.
__________________________________________________________________ 
13/01/2021 12:10 [DEBUG]
Загрузка файла users.bin с жесткого диска.
__________________________________________________________________ 
13/01/2021 12:10 [DEBUG]
Загрузка файла flights.bin с жесткого диска.
__________________________________________________________________ 
13/01/2021 12:11 [DEBUG]
Загрузка файла users.bin с жесткого диска.
__________________________________________________________________ 
13/01/2021 12:11 [DEBUG]
Загрузка файла flights.bin с жесткого диска.
__________________________________________________________________ 
13/01/2021 15:52 [DEBUG]
Загрузка файла users.bin с жесткого диска.
__________________________________________________________________ 
13/01/2021 15:52 [DEBUG]
Загрузка файла users.bin с жесткого диска.
__________________________________________________________________ 
13/01/2021 15:52 [DEBUG]
Загрузка файла flights.bin с жесткого диска.
__________________________________________________________________ 
13/01/2021 16:08 [DEBUG]
Загрузка файла users.bin с жесткого диска.
__________________________________________________________________ 
13/01/2021 16:08 [DEBUG]
Загрузка файла flights.bin с жесткого диска.
__________________________________________________________________ 
13/01/2021 16:10 [DEBUG]
Загрузка файла users.bin с жесткого диска.
__________________________________________________________________ 
13/01/2021 16:10 [DEBUG]
Загрузка файла flights.bin с жесткого диска.
__________________________________________________________________ 
13/01/2021 16:12 [DEBUG]
Загрузка файла users.bin с жесткого диска.
__________________________________________________________________ 
13/01/2021 16:12 [DEBUG]
Загрузка файла flights.bin с жесткого диска.
__________________________________________________________________ 
13/01/2021 16:15 [DEBUG]
Загрузка файла users.bin с жесткого диска.
__________________________________________________________________ 
13/01/2021 16:15 [DEBUG]
Загрузка файла flights.bin с жесткого диска.
__________________________________________________________________ 
13/01/2021 16:19 [DEBUG]
Загрузка файла users.bin с жесткого диска.
__________________________________________________________________ 
13/01/2021 16:19 [DEBUG]
Загрузка файла flights.bin с жесткого диска.
__________________________________________________________________ 
13/01/2021 17:05 [DEBUG]
Загрузка файла users.bin с жесткого диска.
__________________________________________________________________ 
13/01/2021 17:06 [DEBUG]
Загрузка файла users.bin с жесткого диска.
__________________________________________________________________ 
13/01/2021 17:06 [DEBUG]
Загрузка файла flights.bin с жесткого диска.
__________________________________________________________________ 
13/01/2021 17:21 [DEBUG]
Загрузка файла users.bin с жесткого диска.
__________________________________________________________________ 
13/01/2021 17:21 [DEBUG]
Загрузка файла flights.bin с жесткого диска.
__________________________________________________________________ 
13/01/2021 17:24 [DEBUG]
Сохранение данных на жесткий диск в файл users.bin
__________________________________________________________________ 
13/01/2021 17:24 [DEBUG]
Сохранение данных на жесткий диск в файл flights.bin
__________________________________________________________________ 
13/01/2021 17:24 [DEBUG]
Сохранение данных на жесткий диск в файл bookings.bin
__________________________________________________________________ 
13/01/2021 17:24 [DEBUG]
Завершение работы приложения.
__________________________________________________________________ 
13/01/2021 17:24 [DEBUG]
Загрузка файла users.bin с жесткого диска.
__________________________________________________________________ 
13/01/2021 17:24 [DEBUG]
Загрузка файла flights.bin с жесткого диска.
__________________________________________________________________ 
13/01/2021 17:34 [DEBUG]
Загрузка файла users.bin с жесткого диска.
__________________________________________________________________ 
13/01/2021 17:34 [DEBUG]
Загрузка файла flights.bin с жесткого диска.
__________________________________________________________________ 
13/01/2021 17:34 [DEBUG]
Загрузка файла bookings.bin с жесткого диска.
__________________________________________________________________ 
13/01/2021 17:34 [DEBUG]
Загрузка файла bookings.bin с жесткого диска.
__________________________________________________________________ 
13/01/2021 17:35 [DEBUG]
Загрузка файла bookings.bin с жесткого диска.
__________________________________________________________________ 
13/01/2021 17:39 [DEBUG]
Загрузка файла users.bin с жесткого диска.
__________________________________________________________________ 
13/01/2021 17:39 [DEBUG]
Загрузка файла flights.bin с жесткого диска.
__________________________________________________________________ 
13/01/2021 17:39 [DEBUG]
Загрузка файла bookings.bin с жесткого диска.
__________________________________________________________________ 
13/01/2021 17:39 [DEBUG]
Загрузка файла bookings.bin с жесткого диска.
__________________________________________________________________ 
13/01/2021 17:39 [DEBUG]
Загрузка файла bookings.bin с жесткого диска.
__________________________________________________________________ 
13/01/2021 17:40 [DEBUG]
Загрузка файла bookings.bin с жесткого диска.
__________________________________________________________________ 
13/01/2021 17:41 [DEBUG]
Загрузка файла bookings.bin с жесткого диска.
__________________________________________________________________ 
13/01/2021 17:51 [DEBUG]
Загрузка файла users.bin с жесткого диска.
__________________________________________________________________ 
13/01/2021 17:51 [DEBUG]
Загрузка файла flights.bin с жесткого диска.
__________________________________________________________________ 
13/01/2021 17:51 [DEBUG]
Загрузка файла bookings.bin с жесткого диска.
__________________________________________________________________ 
13/01/2021 17:51 [DEBUG]
Загрузка файла bookings.bin с жесткого диска.
__________________________________________________________________ 
13/01/2021 17:51 [DEBUG]
Загрузка файла bookings.bin с жесткого диска.
__________________________________________________________________ 
13/01/2021 17:54 [DEBUG]
Загрузка файла bookings.bin с жесткого диска.
__________________________________________________________________ 
13/01/2021 17:55 [DEBUG]
Загрузка файла users.bin с жесткого диска.
__________________________________________________________________ 
13/01/2021 18:05 [DEBUG]
Загрузка файла flights.bin с жесткого диска.
__________________________________________________________________ 
13/01/2021 18:05 [DEBUG]
Загрузка файла bookings.bin с жесткого диска.
__________________________________________________________________ 
13/01/2021 18:05 [DEBUG]
Загрузка файла bookings.bin с жесткого диска.
__________________________________________________________________ 
13/01/2021 18:06 [DEBUG]
Загрузка файла bookings.bin с жесткого диска.
__________________________________________________________________ 
13/01/2021 18:07 [DEBUG]
Загрузка файла bookings.bin с жесткого диска.
__________________________________________________________________ 
13/01/2021 18:08 [DEBUG]
Загрузка файла bookings.bin с жесткого диска.
__________________________________________________________________ 
13/01/2021 18:08 [DEBUG]
Сохранение данных на жесткий диск в файл users.bin
__________________________________________________________________ 
13/01/2021 18:08 [DEBUG]
Сохранение данных на жесткий диск в файл flights.bin
__________________________________________________________________ 
13/01/2021 18:08 [DEBUG]
Сохранение данных на жесткий диск в файл bookings.bin
__________________________________________________________________ 
13/01/2021 18:08 [DEBUG]
Загрузка файла bookings.bin с жесткого диска.
__________________________________________________________________ 
13/01/2021 18:08 [DEBUG]
Завершение работы приложения.
__________________________________________________________________ 
13/01/2021 18:08 [DEBUG]
Загрузка файла users.bin с жесткого диска.
__________________________________________________________________ 
13/01/2021 18:08 [DEBUG]
Загрузка файла flights.bin с жесткого диска.
__________________________________________________________________ 
13/01/2021 18:08 [DEBUG]
Загрузка файла bookings.bin с жесткого диска.
__________________________________________________________________ 
13/01/2021 18:08 [DEBUG]
Загрузка файла bookings.bin с жесткого диска.
__________________________________________________________________ 
13/01/2021 18:08 [DEBUG]
Загрузка файла bookings.bin с жесткого диска.
__________________________________________________________________ 
13/01/2021 18:10 [DEBUG]
Загрузка файла bookings.bin с жесткого диска.
__________________________________________________________________ 
13/01/2021 18:10 [DEBUG]
Загрузка файла bookings.bin с жесткого диска.
__________________________________________________________________ 
13/01/2021 18:11 [DEBUG]
Загрузка файла bookings.bin с жесткого диска.
__________________________________________________________________ 
13/01/2021 18:11 [DEBUG]
Загрузка файла bookings.bin с жесткого диска.
__________________________________________________________________ 
13/01/2021 18:12 [DEBUG]
Загрузка файла bookings.bin с жесткого диска.
__________________________________________________________________ 
13/01/2021 18:12 [DEBUG]
Загрузка файла bookings.bin с жесткого диска.
__________________________________________________________________ 
13/01/2021 18:26 [DEBUG]
Загрузка файла users.bin с жесткого диска.
__________________________________________________________________ 
13/01/2021 18:26 [DEBUG]
Загрузка файла flights.bin с жесткого диска.
__________________________________________________________________ 
13/01/2021 18:26 [DEBUG]
Загрузка файла bookings.bin с жесткого диска.
__________________________________________________________________ 
13/01/2021 18:26 [DEBUG]
Загрузка файла bookings.bin с жесткого диска.
__________________________________________________________________ 
13/01/2021 18:26 [DEBUG]
Загрузка файла bookings.bin с жесткого диска.
__________________________________________________________________ 
13/01/2021 18:27 [DEBUG]
Загрузка файла bookings.bin с жесткого диска.
__________________________________________________________________ 
13/01/2021 18:27 [DEBUG]
Загрузка файла bookings.bin с жесткого диска.
__________________________________________________________________ 
13/01/2021 18:28 [DEBUG]
Сохранение данных на жесткий диск в файл users.bin
__________________________________________________________________ 
13/01/2021 18:28 [DEBUG]
Сохранение данных на жесткий диск в файл flights.bin
__________________________________________________________________ 
13/01/2021 18:28 [DEBUG]
Сохранение данных на жесткий диск в файл bookings.bin
__________________________________________________________________ 
13/01/2021 18:28 [DEBUG]
Загрузка файла bookings.bin с жесткого диска.
__________________________________________________________________ 
13/01/2021 18:28 [DEBUG]
Завершение работы приложения.
__________________________________________________________________ 
13/01/2021 18:28 [DEBUG]
Загрузка файла users.bin с жесткого диска.
__________________________________________________________________ 
13/01/2021 18:28 [DEBUG]
Загрузка файла flights.bin с жесткого диска.
__________________________________________________________________ 
13/01/2021 18:28 [DEBUG]
Загрузка файла bookings.bin с жесткого диска.
__________________________________________________________________ 
13/01/2021 18:28 [DEBUG]
Загрузка файла bookings.bin с жесткого диска.
__________________________________________________________________ 
13/01/2021 18:33 [DEBUG]
Загрузка файла users.bin с жесткого диска.
__________________________________________________________________ 
13/01/2021 18:34 [DEBUG]
Загрузка файла flights.bin с жесткого диска.
__________________________________________________________________ 
13/01/2021 18:34 [DEBUG]
Загрузка файла bookings.bin с жесткого диска.
__________________________________________________________________ 
13/01/2021 18:34 [DEBUG]
Загрузка файла bookings.bin с жесткого диска.
__________________________________________________________________ 
13/01/2021 18:34 [DEBUG]
Загрузка файла bookings.bin с жесткого диска.
__________________________________________________________________ 
13/01/2021 18:35 [DEBUG]
Был вызван метод createBooking(Booking booking)
__________________________________________________________________ 
13/01/2021 18:35 [DEBUG]
Загрузка файла bookings.bin с жесткого диска.
__________________________________________________________________ 
13/01/2021 18:37 [DEBUG]
Сохранение данных на жесткий диск в файл users.bin
__________________________________________________________________ 
13/01/2021 18:37 [DEBUG]
Сохранение данных на жесткий диск в файл flights.bin
__________________________________________________________________ 
13/01/2021 18:37 [DEBUG]
Сохранение данных на жесткий диск в файл bookings.bin
__________________________________________________________________ 
13/01/2021 18:37 [DEBUG]
Загрузка файла bookings.bin с жесткого диска.
__________________________________________________________________ 
13/01/2021 18:41 [DEBUG]
Загрузка файла users.bin с жесткого диска.
__________________________________________________________________ 
13/01/2021 18:41 [DEBUG]
Загрузка файла flights.bin с жесткого диска.
__________________________________________________________________ 
13/01/2021 18:41 [DEBUG]
Загрузка файла bookings.bin с жесткого диска.
__________________________________________________________________ 
13/01/2021 18:43 [DEBUG]
Был вызван метод createBooking(Booking booking)
__________________________________________________________________ 
13/01/2021 18:44 [DEBUG]
Сохранение данных на жесткий диск в файл users.bin
__________________________________________________________________ 
13/01/2021 18:44 [DEBUG]
Сохранение данных на жесткий диск в файл flights.bin
__________________________________________________________________ 
13/01/2021 18:44 [DEBUG]
Сохранение данных на жесткий диск в файл bookings.bin
__________________________________________________________________ 
13/01/2021 18:44 [DEBUG]
Завершение работы приложения.
__________________________________________________________________ 
13/01/2021 18:44 [DEBUG]
Загрузка файла users.bin с жесткого диска.
__________________________________________________________________ 
13/01/2021 18:45 [DEBUG]
Загрузка файла flights.bin с жесткого диска.
__________________________________________________________________ 
13/01/2021 18:45 [DEBUG]
Загрузка файла bookings.bin с жесткого диска.
__________________________________________________________________ 
13/01/2021 18:45 [DEBUG]
Завершение работы приложения.
__________________________________________________________________ 
13/01/2021 18:45 [DEBUG]
Загрузка файла users.bin с жесткого диска.
__________________________________________________________________ 
13/01/2021 18:46 [DEBUG]
Сохранение данных на жесткий диск в файл users.bin
__________________________________________________________________ 
13/01/2021 18:46 [DEBUG]
Регистрация нового пользователя прошла успешно.
__________________________________________________________________ 
13/01/2021 18:46 [DEBUG]
Загрузка файла flights.bin с жесткого диска.
__________________________________________________________________ 
13/01/2021 18:46 [DEBUG]
Загрузка файла bookings.bin с жесткого диска.
__________________________________________________________________ 
13/01/2021 18:48 [DEBUG]
Был вызван метод createBooking(Booking booking)
__________________________________________________________________ 
13/01/2021 18:48 [DEBUG]
Сохранение данных на жесткий диск в файл users.bin
__________________________________________________________________ 
13/01/2021 18:48 [DEBUG]
Сохранение данных на жесткий диск в файл flights.bin
__________________________________________________________________ 
13/01/2021 18:48 [DEBUG]
Сохранение данных на жесткий диск в файл bookings.bin
__________________________________________________________________ 
13/01/2021 18:48 [DEBUG]
Завершение работы приложения.
__________________________________________________________________ 
13/01/2021 18:48 [DEBUG]
Загрузка файла users.bin с жесткого диска.
__________________________________________________________________ 
13/01/2021 18:48 [DEBUG]
Загрузка файла flights.bin с жесткого диска.
__________________________________________________________________ 
13/01/2021 18:48 [DEBUG]
Загрузка файла bookings.bin с жесткого диска.
__________________________________________________________________ 
13/01/2021 18:50 [DEBUG]
Загрузка файла users.bin с жесткого диска.
__________________________________________________________________ 
13/01/2021 18:50 [DEBUG]
Загрузка файла flights.bin с жесткого диска.
__________________________________________________________________ 
13/01/2021 18:50 [DEBUG]
Загрузка файла bookings.bin с жесткого диска.
__________________________________________________________________ 
13/01/2021 18:52 [DEBUG]
Был вызван метод createBooking(Booking booking). Рейс был забронирован.
__________________________________________________________________ 
13/01/2021 18:52 [DEBUG]
Сохранение данных на жесткий диск в файл users.bin
__________________________________________________________________ 
13/01/2021 18:52 [DEBUG]
Сохранение данных на жесткий диск в файл flights.bin
__________________________________________________________________ 
13/01/2021 18:52 [DEBUG]
Сохранение данных на жесткий диск в файл bookings.bin
__________________________________________________________________ 
13/01/2021 21:06 [DEBUG]
Завершение работы приложения.
__________________________________________________________________ 
13/01/2021 21:23 [DEBUG]
Загрузка файла users.bin с жесткого диска.
__________________________________________________________________ 
13/01/2021 21:24 [DEBUG]
Загрузка файла flights.bin с жесткого диска.
__________________________________________________________________ 
13/01/2021 21:24 [DEBUG]
Загрузка файла bookings.bin с жесткого диска.
__________________________________________________________________ 
13/01/2021 21:25 [DEBUG]
Выборанный Вами рейс был успешно удален.
__________________________________________________________________ 
13/01/2021 21:25 [DEBUG]
Завершение работы приложения.
__________________________________________________________________ 
13/01/2021 21:26 [DEBUG]
Загрузка файла users.bin с жесткого диска.
__________________________________________________________________ 
13/01/2021 21:27 [DEBUG]
Загрузка файла flights.bin с жесткого диска.
__________________________________________________________________ 
13/01/2021 21:27 [DEBUG]
Загрузка файла bookings.bin с жесткого диска.
__________________________________________________________________ 
13/01/2021 21:38 [DEBUG]
Загрузка файла users.bin с жесткого диска.
__________________________________________________________________ 
